<?xml version="1.0" encoding="UTF-8"?>
<testsuite xmlns:xsi="http://www.w3.org/2001/XMLSchema-instance" xsi:noNamespaceSchemaLocation="https://maven.apache.org/surefire/maven-surefire-plugin/xsd/surefire-test-report.xsd" name="TestSuite" time="28.657" tests="1" errors="0" skipped="0" failures="0">
  <properties>
    <property name="java.specification.version" value="17"/>
    <property name="RUN_DISPLAY_URL" value="http://localhost:8080/job/CucumberImplementation/1/display/redirect"/>
    <property name="HUDSON_HOME" value="C:\Users\DraganaRadman\.jenkins"/>
    <property name="sun.cpu.isalist" value="amd64"/>
    <property name="RUN_CHANGES_DISPLAY_URL" value="http://localhost:8080/job/CucumberImplementation/1/display/redirect?page=changes"/>
    <property name="sun.jnu.encoding" value="Cp1252"/>
    <property name="SESSIONNAME" value="Console"/>
    <property name="ALLUSERSPROFILE" value="C:\ProgramData"/>
    <property name="sun.arch.data.model" value="64"/>
    <property name="SystemDrive" value="C:"/>
    <property name="=ExitCode" value="00000001"/>
    <property name="java.vendor.url" value="https://java.oracle.com/"/>
    <property name="JENKINS_SERVER_COOKIE" value="bc52b130bea1e439"/>
    <property name="USERNAME" value="DraganaRadman"/>
    <property name="ProgramFiles(x86)" value="C:\Program Files (x86)"/>
    <property name="JENKINS_URL" value="http://localhost:8080/"/>
    <property name="sun.boot.library.path" value="C:\Program Files\Java\jdk-17.0.13\bin"/>
    <property name="sun.java.command" value="jenkins.maven3.agent.Maven35Main C:\Users\DraganaRadman\.jenkins\tools\hudson.tasks.Maven_MavenInstallation\maven C:\Users\DraganaRadman\.jenkins\war\WEB-INF\lib\remoting-3261.v9c670a_4748a_9.jar C:\Users\DraganaRadman\.jenkins\plugins\maven-plugin\WEB-INF\lib\maven35-interceptor-1.14.jar C:\Users\DraganaRadman\.jenkins\plugins\maven-plugin\WEB-INF\lib\maven3-interceptor-commons-1.14.jar 63578"/>
    <property name="FPS_BROWSER_USER_PROFILE_STRING" value="Default"/>
    <property name="maven.home" value="C:\Users\DraganaRadman\.jenkins\tools\hudson.tasks.Maven_MavenInstallation\maven"/>
    <property name="jdk.debug" value="release"/>
    <property name="PATHEXT" value=".COM;.EXE;.BAT;.CMD;.VBS;.VBE;.JS;.JSE;.WSF;.WSH;.MSC"/>
    <property name="DriverData" value="C:\Windows\System32\Drivers\DriverData"/>
    <property name="java.specification.vendor" value="Oracle Corporation"/>
    <property name="jansi.mode" value="strip"/>
    <property name="java.version.date" value="2024-10-15"/>
    <property name="java.home" value="C:\Program Files\Java\jdk-17.0.13"/>
    <property name="JENKINS_HOME" value="C:\Users\DraganaRadman\.jenkins"/>
    <property name="file.separator" value="\"/>
    <property name="java.vm.compressedOopsMode" value="Zero based"/>
    <property name="line.separator" value="&#10;"/>
    <property name="HOMEPATH" value="\Users\DraganaRadman"/>
    <property name="NODE_NAME" value="built-in"/>
    <property name="java.vm.specification.vendor" value="Oracle Corporation"/>
    <property name="java.specification.name" value="Java Platform API Specification"/>
    <property name="BUILD_DISPLAY_NAME" value="#1"/>
    <property name="PROCESSOR_IDENTIFIER" value="Intel64 Family 6 Model 183 Stepping 1, GenuineIntel"/>
    <property name="maven3.interceptor" value="C:\Users\DraganaRadman\.jenkins\plugins\maven-plugin\WEB-INF\lib\maven35-interceptor-1.14.jar"/>
    <property name="PATH+MAVEN" value="C:\Users\DraganaRadman\.jenkins\tools\hudson.tasks.Maven_MavenInstallation\maven/bin"/>
    <property name="maven3.interceptor.common" value="C:\Users\DraganaRadman\.jenkins\plugins\maven-plugin\WEB-INF\lib\maven3-interceptor-commons-1.14.jar"/>
    <property name="ProgramFiles" value="C:\Program Files"/>
    <property name="PUBLIC" value="C:\Users\Public"/>
    <property name="ALLURE_HOME" value="C:\Program Files\Allure\allure-2.13.8"/>
    <property name="windir" value="C:\WINDOWS"/>
    <property name="=::" value="::\"/>
    <property name="ZES_ENABLE_SYSMAN" value="1"/>
    <property name="OneDriveCommercial" value="C:\Users\DraganaRadman\OneDrive - Inforce Technologies"/>
    <property name="WORKSPACE_TMP" value="C:\Users\DraganaRadman\.jenkins\workspace\CucumberImplementation@tmp"/>
    <property name="user.script" value=""/>
    <property name="sun.management.compiler" value="HotSpot 64-Bit Tiered Compilers"/>
    <property name="FPS_BROWSER_APP_PROFILE_STRING" value="Internet Explorer"/>
    <property name="java.runtime.version" value="17.0.13+10-LTS-268"/>
    <property name="JAVA_HOME" value="C:\Program Files\Java\jdk-17.0.13"/>
    <property name="PROMPT" value="$P$G"/>
    <property name="user.name" value="DraganaRadman"/>
    <property name="OneDrive" value="C:\Users\DraganaRadman\OneDrive - Inforce Technologies"/>
    <property name="file.encoding" value="Cp1252"/>
    <property name="=C:" value="C:\Users\DraganaRadman\IdeaProjects"/>
    <property name="APPDATA" value="C:\Users\DraganaRadman\AppData\Roaming"/>
    <property name="guice.disable.misplaced.annotation.check" value="true"/>
    <property name="HUDSON_URL" value="http://localhost:8080/"/>
    <property name="WORKSPACE" value="C:\Users\DraganaRadman\.jenkins\workspace\CucumberImplementation"/>
    <property name="Path" value="C:\Program Files\Java\jdk-17.0.13/bin;C:\Program Files\Java\jdk-17.0.13\bin;C:\Program Files\Allure\allure-2.13.8\bin;C:\Program Files\Apache\apache-maven-3.8.8\bin;C:\Program Files\Apache\apache-maven-3.8.4\bin;C:\Program Files\Java\jdk1.8.0_202\bin;C:\Program Files (x86)\Common Files\Oracle\Java\javapath;C:\Program Files\Common Files\Oracle\Java\javapath;C:\WINDOWS\system32;C:\WINDOWS;C:\WINDOWS\System32\Wbem;C:\WINDOWS\System32\WindowsPowerShell\v1.0\;C:\WINDOWS\System32\OpenSSH\;C:\Program Files\PuTTY\;C:\Program Files\Microsoft VS Code\bin;C:\Program Files\Git\cmd;C:\Program Files\TortoiseSVN\bin;C:\FPC\3.2.2\bin\i386-Win32;C:\Program Files\NVIDIA Corporation\NVIDIA NvDLISR;C:\Users\DraganaRadman\AppData\Local\Microsoft\WindowsApps;;C:\WINDOWS\system32;C:\WINDOWS;C:\WINDOWS\System32\Wbem;C:\WINDOWS\System32\WindowsPowerShell\v1.0\;C:\WINDOWS\System32\OpenSSH\;C:\Users\DraganaRadman\AppData\Local\Microsoft\WindowsApps;"/>
    <property name="java.io.tmpdir" value="C:\Users\DRAGAN~1\AppData\Local\Temp\"/>
    <property name="java.version" value="17.0.13"/>
    <property name="CI" value="true"/>
    <property name="COMPUTERNAME" value="DRADMAN-L5"/>
    <property name="java.vm.specification.name" value="Java Virtual Machine Specification"/>
    <property name="JOB_BASE_NAME" value="CucumberImplementation"/>
    <property name="sun.os.patch.level" value=""/>
    <property name="ComSpec" value="C:\WINDOWS\system32\cmd.exe"/>
    <property name="org.slf4j.simpleLogger.defaultLogLevel" value="info"/>
    <property name="native.encoding" value="Cp1252"/>
    <property name="java.library.path" value="C:\Program Files\Java\jdk-17.0.13\bin;C:\WINDOWS\Sun\Java\bin;C:\WINDOWS\system32;C:\WINDOWS;C:\Users\DraganaRadman\.jenkins\tools\hudson.tasks.Maven_MavenInstallation\maven/bin;C:\Program Files\Java\jdk-17.0.13/bin;C:\Program Files\Java\jdk-17.0.13/bin;C:\Program Files\Java\jdk-17.0.13\bin;C:\Program Files\Allure\allure-2.13.8\bin;C:\Program Files\Apache\apache-maven-3.8.8\bin;C:\Program Files\Apache\apache-maven-3.8.4\bin;C:\Program Files\Java\jdk1.8.0_202\bin;C:\Program Files (x86)\Common Files\Oracle\Java\javapath;C:\Program Files\Common Files\Oracle\Java\javapath;C:\WINDOWS\system32;C:\WINDOWS;C:\WINDOWS\System32\Wbem;C:\WINDOWS\System32\WindowsPowerShell\v1.0\;C:\WINDOWS\System32\OpenSSH\;C:\Program Files\PuTTY\;C:\Program Files\Microsoft VS Code\bin;C:\Program Files\Git\cmd;C:\Program Files\TortoiseSVN\bin;C:\FPC\3.2.2\bin\i386-Win32;C:\Program Files\NVIDIA Corporation\NVIDIA NvDLISR;C:\Users\DraganaRadman\AppData\Local\Microsoft\WindowsApps;;C:\WINDOWS\system32;C:\WINDOWS;C:\WINDOWS\System32\Wbem;C:\WINDOWS\System32\WindowsPowerShell\v1.0\;C:\WINDOWS\System32\OpenSSH\;C:\Users\DraganaRadman\AppData\Local\Microsoft\WindowsApps;;."/>
    <property name="BUILD_NUMBER" value="1"/>
    <property name="java.vendor" value="Oracle Corporation"/>
    <property name="BUILD_URL" value="http://localhost:8080/job/CucumberImplementation/1/"/>
    <property name="HOMEDRIVE" value="C:"/>
    <property name="RUN_ARTIFACTS_DISPLAY_URL" value="http://localhost:8080/job/CucumberImplementation/1/display/redirect?page=artifacts"/>
    <property name="java.specification.maintenance.version" value="1"/>
    <property name="sun.io.unicode.encoding" value="UnicodeLittle"/>
    <property name="NUMBER_OF_PROCESSORS" value="32"/>
    <property name="USERDOMAIN_ROAMINGPROFILE" value="AzureAD"/>
    <property name="surefire.suiteXmlFiles" value="GeneralRunner.xml"/>
    <property name="PROCESSOR_LEVEL" value="6"/>
    <property name="JOB_URL" value="http://localhost:8080/job/CucumberImplementation/"/>
    <property name="java.class.path" value="C:\Users\DraganaRadman\.jenkins\plugins\maven-plugin\WEB-INF\lib\maven35-agent-1.14.jar;C:\Users\DraganaRadman\.jenkins\tools\hudson.tasks.Maven_MavenInstallation\maven\boot\plexus-classworlds-2.6.0.jar;C:\Users\DraganaRadman\.jenkins\tools\hudson.tasks.Maven_MavenInstallation\maven/conf/logging"/>
    <property name="java.vm.vendor" value="Oracle Corporation"/>
    <property name="PROCESSOR_ARCHITECTURE" value="AMD64"/>
    <property name="PSModulePath" value="C:\Program Files\WindowsPowerShell\Modules;C:\WINDOWS\system32\WindowsPowerShell\v1.0\Modules"/>
    <property name="user.variant" value=""/>
    <property name="MAVEN_HOME" value="C:\Users\DraganaRadman\.jenkins\tools\hudson.tasks.Maven_MavenInstallation\maven"/>
    <property name="user.timezone" value="America/New_York"/>
    <property name="maven.conf" value="C:\Users\DraganaRadman\.jenkins\tools\hudson.tasks.Maven_MavenInstallation\maven\conf"/>
    <property name="java.vm.specification.version" value="17"/>
    <property name="os.name" value="Windows 11"/>
    <property name="RUN_TESTS_DISPLAY_URL" value="http://localhost:8080/job/CucumberImplementation/1/display/redirect?page=tests"/>
    <property name="user.country" value="US"/>
    <property name="sun.java.launcher" value="SUN_STANDARD"/>
    <property name="BUILD_TAG" value="jenkins-CucumberImplementation-1"/>
    <property name="sun.cpu.endian" value="little"/>
    <property name="user.home" value="C:\Users\DraganaRadman"/>
    <property name="user.language" value="en"/>
    <property name="ProgramData" value="C:\ProgramData"/>
    <property name="ProgramW6432" value="C:\Program Files"/>
    <property name="JOB_DISPLAY_URL" value="http://localhost:8080/job/CucumberImplementation/display/redirect"/>
    <property name="M2_HOME" value="C:\Users\DraganaRadman\.jenkins\tools\hudson.tasks.Maven_MavenInstallation\maven"/>
    <property name="LOCALAPPDATA" value="C:\Users\DraganaRadman\AppData\Local"/>
    <property name="USERDOMAIN" value="AzureAD"/>
    <property name="LOGONSERVER" value="\\DRADMAN-L5"/>
    <property name="path.separator" value=";"/>
    <property name="BUILD_ID" value="1"/>
    <property name="os.version" value="10.0"/>
    <property name="JOB_NAME" value="CucumberImplementation"/>
    <property name="java.runtime.name" value="Java(TM) SE Runtime Environment"/>
    <property name="NODE_LABELS" value="built-in"/>
    <property name="java.vm.name" value="Java HotSpot(TM) 64-Bit Server VM"/>
    <property name="PATH+JDK" value="C:\Program Files\Java\jdk-17.0.13/bin"/>
    <property name="CommonProgramFiles" value="C:\Program Files\Common Files"/>
    <property name="EFC_15240" value="1"/>
    <property name="java.vendor.url.bug" value="https://bugreport.java.com/bugreport/"/>
    <property name="OS" value="Windows_NT"/>
    <property name="user.dir" value="C:\Users\DraganaRadman\IdeaProjects\CucumberImplementation"/>
    <property name="os.arch" value="amd64"/>
    <property name="EXECUTOR_NUMBER" value="0"/>
    <property name="HUDSON_SERVER_COOKIE" value="bc52b130bea1e439"/>
    <property name="PROCESSOR_REVISION" value="b701"/>
    <property name="CLASSPATH" value=""/>
    <property name="CommonProgramW6432" value="C:\Program Files\Common Files"/>
    <property name="SystemRoot" value="C:\WINDOWS"/>
    <property name="TEMP" value="C:\Users\DRAGAN~1\AppData\Local\Temp"/>
    <property name="java.vm.info" value="mixed mode, sharing"/>
    <property name="java.vm.version" value="17.0.13+10-LTS-268"/>
    <property name="USERPROFILE" value="C:\Users\DraganaRadman"/>
    <property name="TMP" value="C:\Users\DRAGAN~1\AppData\Local\Temp"/>
    <property name="CommonProgramFiles(x86)" value="C:\Program Files (x86)\Common Files"/>
    <property name="java.class.version" value="61.0"/>
  </properties>
  <testcase name="runScenario" classname="runners.GeneralRunner" time="26.857"/>
</testsuite>