<?xml version="1.0" encoding="UTF-8"?>
<!-- Generated by org.testng.reporters.JUnitReportReporter -->
<testsuite hostname="DRADMAN-L5" failures="0" tests="1" name="runners.GeneralRunner" time="26.853" errors="0" timestamp="2024-11-08T04:01:04 EST" skipped="0">
  <testcase classname="runners.GeneralRunner" name="runScenario" time="26.853"/>
  <system-out/>
</testsuite> <!-- runners.GeneralRunner -->
